[0.032s] Invoking command in '/home/parsa/ws_ros2/build/custom_vtol_plugin': CMAKE_PREFIX_PATH=${CMAKE_PREFIX_PATH}:/opt/ros/humble /usr/bin/cmake --build /home/parsa/ws_ros2/build/custom_vtol_plugin -- -j5 -l5
[0.092s] -- Found ament_cmake: 1.3.12 (/opt/ros/humble/share/ament_cmake/cmake)
[0.396s] -- Found rclcpp: 16.0.15 (/opt/ros/humble/share/rclcpp/cmake)
[0.496s] -- Found rosidl_generator_c: 3.1.7 (/opt/ros/humble/share/rosidl_generator_c/cmake)
[0.510s] -- Found rosidl_adapter: 3.1.7 (/opt/ros/humble/share/rosidl_adapter/cmake)
[0.530s] -- Found rosidl_generator_cpp: 3.1.7 (/opt/ros/humble/share/rosidl_generator_cpp/cmake)
[0.556s] -- Using all available rosidl_typesupport_c: rosidl_typesupport_fastrtps_c;rosidl_typesupport_introspection_c
[0.588s] -- Using all available rosidl_typesupport_cpp: rosidl_typesupport_fastrtps_cpp;rosidl_typesupport_introspection_cpp
[0.682s] -- Found rmw_implementation_cmake: 6.1.2 (/opt/ros/humble/share/rmw_implementation_cmake/cmake)
[0.688s] -- Found rmw_fastrtps_cpp: 6.2.9 (/opt/ros/humble/share/rmw_fastrtps_cpp/cmake)
[0.909s] -- Using RMW implementation 'rmw_fastrtps_cpp' as default
[1.038s] -- Found ros_gz_sim: 0.244.20 (/opt/ros/humble/share/ros_gz_sim/cmake)
[1.063s] -- Looking for gz-sim8 -- found version 8.10.0
[1.063s] -- Searching for dependencies of gz-sim8
[1.065s] -- Looking for sdformat14 -- found version 14.8.0
[1.066s] -- Searching for dependencies of sdformat14
[1.075s] -- Checking for module 'tinyxml2'
[1.092s] --   Found tinyxml2, version 9.0.0
[1.137s] -- Looking for gz-math7 -- found version 7.5.1
[1.137s] -- Searching for dependencies of gz-math7
[1.138s] -- Looking for gz-utils2 -- found version 2.2.1
[1.138s] -- Searching for dependencies of gz-utils2
[1.141s] -- Looking for gz-utils2 -- found version 2.2.1
[1.142s] -- Searching for dependencies of gz-utils2
[1.142s] -- Searching for <gz-utils2> component [cli]
[1.144s] -- Looking for gz-utils2-cli -- found version 2.2.1
[1.144s] -- Searching for dependencies of gz-utils2-cli
[1.150s] -- Looking for gz-plugin2 -- found version 2.0.4
[1.150s] -- Searching for dependencies of gz-plugin2
[1.150s] -- Looking for gz-utils2 -- found version 2.2.1
[1.152s] -- Searching for <gz-plugin2> component [loader]
[1.154s] -- Looking for gz-plugin2-loader -- found version 2.0.4
[1.154s] -- Searching for dependencies of gz-plugin2-loader
[1.156s] -- Searching for <gz-plugin2> component [register]
[1.158s] -- Looking for gz-plugin2-register -- found version 2.0.4
[1.158s] -- Searching for dependencies of gz-plugin2-register
[1.162s] -- Looking for gz-transport13 -- found version 13.5.0
[1.162s] -- Searching for dependencies of gz-transport13
[1.230s] -- Config-file not installed for ZeroMQ -- checking for pkg-config
[1.241s] -- Checking for module 'libzmq >= 4'
[1.265s] --   Found libzmq , version 4.3.4
[1.332s] -- Checking for module 'uuid'
[1.354s] --   Found uuid, version 2.37.2
[1.399s] -- Looking for gz-utils2 -- found version 2.2.1
[1.403s] -- Looking for gz-msgs10 -- found version 10.3.2
[1.404s] -- Searching for dependencies of gz-msgs10
[1.438s] -- Looking for gz-utils2 -- found version 2.2.1
[1.438s] -- Looking for gz-math7 -- found version 7.5.1
[1.454s] -- Searching for <gz-transport13> component [log]
[1.458s] -- Looking for gz-transport13-log -- found version 13.5.0
[1.458s] -- Searching for dependencies of gz-transport13-log
[1.459s] -- Searching for <gz-transport13> component [parameters]
[1.460s] -- Looking for gz-transport13-parameters -- found version 13.5.0
[1.463s] -- Searching for dependencies of gz-transport13-parameters
[1.464s] -- Looking for gz-msgs10 -- found version 10.3.2
[1.466s] -- Looking for gz-common5 -- found version 5.7.1
[1.467s] -- Searching for dependencies of gz-common5
[1.467s] -- Looking for gz-utils2 -- found version 2.2.1
[1.467s] -- Looking for dlfcn.h - found
[1.467s] -- Looking for libdl - found
[1.482s] -- Searching for <gz-common5> component [av]
[1.483s] -- Looking for gz-common5-av -- found version 5.7.1
[1.486s] -- Searching for dependencies of gz-common5-av
[1.494s] -- Checking for module 'libswscale'
[1.514s] --   Found libswscale, version 5.9.100
[1.572s] -- Checking for module 'libavdevice >= 56.4.100'
[1.592s] --   Found libavdevice , version 58.13.100
[1.658s] -- Checking for module 'libavformat'
[1.678s] --   Found libavformat, version 58.76.100
[1.732s] -- Checking for module 'libavcodec'
[1.758s] --   Found libavcodec, version 58.134.100
[1.825s] -- Checking for module 'libavutil'
[1.848s] --   Found libavutil, version 56.70.100
[1.896s] -- Searching for <gz-common5> component [events]
[1.899s] -- Looking for gz-common5-events -- found version 5.7.1
[1.899s] -- Searching for dependencies of gz-common5-events
[1.900s] -- Looking for gz-math7 -- found version 7.5.1
[1.902s] -- Searching for <gz-common5> component [graphics]
[1.904s] -- Looking for gz-common5-graphics -- found version 5.7.1
[1.904s] -- Searching for dependencies of gz-common5-graphics
[1.906s] -- Looking for gz-math7 -- found version 7.5.1
[1.914s] -- Searching for <gz-common5> component [io]
[1.916s] -- Looking for gz-common5-io -- found version 5.7.1
[1.916s] -- Searching for dependencies of gz-common5-io
[1.917s] -- Searching for <gz-common5> component [profiler]
[1.919s] -- Looking for gz-common5-profiler -- found version 5.7.1
[1.919s] -- Searching for dependencies of gz-common5-profiler
[1.923s] -- Looking for gz-fuel_tools9 -- found version 9.1.1
[1.923s] -- Searching for dependencies of gz-fuel_tools9
[2.001s] -- Checking for module 'jsoncpp'
[2.020s] --   Found jsoncpp, version 1.9.5
[2.089s] -- Checking for module 'libzip'
[2.107s] --   Found libzip, version 1.7.3
[2.165s] -- Looking for gz-utils2 -- found version 2.2.1
[2.165s] -- Looking for gz-common5 -- found version 5.7.1
[2.165s] -- Searching for dependencies of gz-common5
[2.167s] -- Looking for gz-utils2 -- found version 2.2.1
[2.167s] -- Looking for dlfcn.h - found
[2.167s] -- Looking for libdl - found
[2.185s] -- Searching for <gz-common5> component [testing]
[2.193s] -- Looking for gz-common5-testing -- found version 5.7.1
[2.193s] -- Searching for dependencies of gz-common5-testing
[2.197s] -- Looking for gz-math7 -- found version 7.5.1
[2.198s] -- Looking for gz-msgs10 -- found version 10.3.2
[2.203s] -- Looking for gz-gui8 -- found version 8.4.0
[2.204s] -- Searching for dependencies of gz-gui8
[2.245s] -- Looking for gz-utils2 -- found version 2.2.1
[2.245s] -- Looking for gz-math7 -- found version 7.5.1
[2.246s] -- Looking for gz-common5 -- found version 5.7.1
[2.246s] -- Looking for gz-plugin2 -- found version 2.0.4
[2.247s] -- Looking for gz-transport13 -- found version 13.5.0
[2.249s] -- Looking for gz-rendering8 -- found version 8.2.2
[2.249s] -- Searching for dependencies of gz-rendering8
[2.250s] -- Looking for gz-math7 -- found version 7.5.1
[2.251s] -- Searching for dependencies of gz-math7
[2.252s] -- Looking for gz-utils2 -- found version 2.2.1
[2.252s] -- Searching for <gz-math7> component [eigen3]
[2.254s] -- Looking for gz-math7-eigen3 -- found version 7.5.1
[2.255s] -- Searching for dependencies of gz-math7-eigen3
[2.260s] -- Looking for gz-common5 -- found version 5.7.1
[2.261s] -- Searching for dependencies of gz-common5
[2.261s] -- Looking for gz-utils2 -- found version 2.2.1
[2.262s] -- Looking for dlfcn.h - found
[2.262s] -- Looking for libdl - found
[2.273s] -- Searching for <gz-common5> component [graphics]
[2.273s] -- Searching for <gz-common5> component [events]
[2.275s] -- Searching for <gz-common5> component [geospatial]
[2.277s] -- Looking for gz-common5-geospatial -- found version 5.7.1
[2.277s] -- Searching for dependencies of gz-common5-geospatial
[2.278s] -- Looking for gz-math7 -- found version 7.5.1
[2.279s] -- Looking for gz-common5 -- found version 5.7.1
[2.282s] -- Looking for gz-plugin2 -- found version 2.0.4
[2.283s] -- Searching for dependencies of gz-plugin2
[2.283s] -- Looking for gz-utils2 -- found version 2.2.1
[2.284s] -- Searching for <gz-plugin2> component [all]
[2.285s] -- Looking for all libraries of gz-plugin2 -- found version 2.0.4
[2.286s] -- Looking for gz-plugin2 -- found version 2.0.4
[2.290s] -- Looking for gz-utils2 -- found version 2.2.1
[2.294s] -- Looking for gz-msgs10 -- found version 10.3.2
[2.348s] -- Looking for gz-physics7 -- found version 7.6.0
[2.349s] -- Searching for dependencies of gz-physics7
[2.349s] -- Looking for gz-common5 -- found version 5.7.1
[2.350s] -- Looking for gz-math7 -- found version 7.5.1
[2.350s] -- Looking for gz-plugin2 -- found version 2.0.4
[2.352s] -- Looking for gz-utils2 -- found version 2.2.1
[2.354s] -- Searching for <gz-physics7> component [heightmap]
[2.356s] -- Looking for gz-physics7-heightmap -- found version 7.6.0
[2.357s] -- Searching for dependencies of gz-physics7-heightmap
[2.357s] -- Looking for gz-common5 -- found version 5.7.1
[2.359s] -- Searching for <gz-physics7> component [mesh]
[2.360s] -- Looking for gz-physics7-mesh -- found version 7.6.0
[2.361s] -- Searching for dependencies of gz-physics7-mesh
[2.362s] -- Looking for gz-common5 -- found version 5.7.1
[2.363s] -- Searching for <gz-physics7> component [sdf]
[2.364s] -- Looking for gz-physics7-sdf -- found version 7.6.0
[2.365s] -- Searching for dependencies of gz-physics7-sdf
[2.366s] -- Looking for sdformat14 -- found version 14.8.0
[2.369s] -- Looking for gz-sensors8 -- found version 8.2.2
[2.372s] -- Searching for dependencies of gz-sensors8
[2.403s] -- Looking for gz-math7 -- found version 7.5.1
[2.404s] -- Looking for gz-common5 -- found version 5.7.1
[2.405s] -- Looking for gz-transport13 -- found version 13.5.0
[2.407s] -- Looking for gz-rendering8 -- found version 8.2.2
[2.407s] -- Looking for gz-msgs10 -- found version 10.3.2
[2.408s] -- Looking for sdformat14 -- found version 14.8.0
[2.410s] -- Searching for <gz-sensors8> component [air_pressure]
[2.411s] -- Looking for gz-sensors8-air_pressure -- found version 8.2.2
[2.412s] -- Searching for dependencies of gz-sensors8-air_pressure
[2.414s] -- Searching for <gz-sensors8> component [air_speed]
[2.415s] -- Looking for gz-sensors8-air_speed -- found version 8.2.2
[2.416s] -- Searching for dependencies of gz-sensors8-air_speed
[2.418s] -- Searching for <gz-sensors8> component [altimeter]
[2.419s] -- Looking for gz-sensors8-altimeter -- found version 8.2.2
[2.420s] -- Searching for dependencies of gz-sensors8-altimeter
[2.422s] -- Searching for <gz-sensors8> component [imu]
[2.423s] -- Looking for gz-sensors8-imu -- found version 8.2.2
[2.424s] -- Searching for dependencies of gz-sensors8-imu
[2.426s] -- Searching for <gz-sensors8> component [force_torque]
[2.427s] -- Looking for gz-sensors8-force_torque -- found version 8.2.2
[2.427s] -- Searching for dependencies of gz-sensors8-force_torque
[2.429s] -- Searching for <gz-sensors8> component [logical_camera]
[2.430s] -- Looking for gz-sensors8-logical_camera -- found version 8.2.2
[2.431s] -- Searching for dependencies of gz-sensors8-logical_camera
[2.433s] -- Searching for <gz-sensors8> component [magnetometer]
[2.434s] -- Looking for gz-sensors8-magnetometer -- found version 8.2.2
[2.436s] -- Searching for dependencies of gz-sensors8-magnetometer
[2.437s] -- Searching for <gz-sensors8> component [navsat]
[2.438s] -- Looking for gz-sensors8-navsat -- found version 8.2.2
[2.438s] -- Searching for dependencies of gz-sensors8-navsat
[2.440s] -- Searching for <gz-sensors8> component [dvl]
[2.442s] -- Looking for gz-sensors8-dvl -- found version 8.2.2
[2.449s] -- Searching for dependencies of gz-sensors8-dvl
[2.449s] -- Looking for gz-sensors8 -- found version 8.2.2
[2.450s] -- Searching for dependencies of gz-sensors8
[2.479s] -- Looking for gz-math7 -- found version 7.5.1
[2.480s] -- Looking for gz-common5 -- found version 5.7.1
[2.481s] -- Looking for gz-transport13 -- found version 13.5.0
[2.482s] -- Looking for gz-rendering8 -- found version 8.2.2
[2.482s] -- Looking for gz-msgs10 -- found version 10.3.2
[2.483s] -- Looking for sdformat14 -- found version 14.8.0
[2.483s] -- Searching for <gz-sensors8> component [rendering]
[2.485s] -- Looking for gz-sensors8-rendering -- found version 8.2.2
[2.486s] -- Searching for dependencies of gz-sensors8-rendering
[2.490s] -- Searching for <gz-sensors8> component [rendering]
[2.491s] -- Searching for <gz-sensors8> component [lidar]
[2.492s] -- Looking for gz-sensors8-lidar -- found version 8.2.2
[2.493s] -- Searching for dependencies of gz-sensors8-lidar
[2.494s] -- Looking for gz-sensors8 -- found version 8.2.2
[2.495s] -- Searching for <gz-sensors8> component [gpu_lidar]
[2.497s] -- Looking for gz-sensors8-gpu_lidar -- found version 8.2.2
[2.497s] -- Searching for dependencies of gz-sensors8-gpu_lidar
[2.498s] -- Looking for gz-sensors8 -- found version 8.2.2
[2.500s] -- Searching for <gz-sensors8> component [camera]
[2.501s] -- Looking for gz-sensors8-camera -- found version 8.2.2
[2.502s] -- Searching for dependencies of gz-sensors8-camera
[2.503s] -- Looking for gz-sensors8 -- found version 8.2.2
[2.505s] -- Searching for <gz-sensors8> component [boundingbox_camera]
[2.506s] -- Looking for gz-sensors8-boundingbox_camera -- found version 8.2.2
[2.507s] -- Searching for dependencies of gz-sensors8-boundingbox_camera
[2.509s] -- Searching for <gz-sensors8> component [segmentation_camera]
[2.510s] -- Looking for gz-sensors8-segmentation_camera -- found version 8.2.2
[2.511s] -- Searching for dependencies of gz-sensors8-segmentation_camera
[2.516s] -- Searching for <gz-sensors8> component [depth_camera]
[2.517s] -- Looking for gz-sensors8-depth_camera -- found version 8.2.2
[2.520s] -- Searching for dependencies of gz-sensors8-depth_camera
[2.520s] -- Looking for gz-sensors8 -- found version 8.2.2
[2.520s] -- Searching for <gz-sensors8> component [rgbd_camera]
[2.522s] -- Looking for gz-sensors8-rgbd_camera -- found version 8.2.2
[2.522s] -- Searching for dependencies of gz-sensors8-rgbd_camera
[2.523s] -- Looking for gz-sensors8 -- found version 8.2.2
[2.526s] -- Searching for <gz-sensors8> component [thermal_camera]
[2.527s] -- Looking for gz-sensors8-thermal_camera -- found version 8.2.2
[2.528s] -- Searching for dependencies of gz-sensors8-thermal_camera
[2.528s] -- Looking for gz-sensors8 -- found version 8.2.2
[2.531s] -- Searching for <gz-sensors8> component [wide_angle_camera]
[2.533s] -- Looking for gz-sensors8-wide_angle_camera -- found version 8.2.2
[2.534s] -- Searching for dependencies of gz-sensors8-wide_angle_camera
[2.540s] -- Looking for gz-rendering8 -- found version 8.2.2
[2.540s] -- Looking for gz-math7 -- found version 7.5.1
[2.540s] -- Looking for gz-utils2 -- found version 2.2.1
[2.573s] -- Looking for gz-math8 -- found version 8.2.0
[2.584s] -- Searching for dependencies of gz-math8
[2.586s] -- Looking for gz-utils3 -- found version 3.1.1
[2.587s] -- Searching for dependencies of gz-utils3
[2.592s] -- Looking for gz-common5 -- found version 5.7.1
[2.592s] -- Looking for gz-plugin2 -- found version 2.0.4
[2.594s] -- Looking for gz-msgs9 -- found version 9.5.1
[2.595s] -- Searching for dependencies of gz-msgs9
[2.625s] -- Looking for gz-math7 -- found version 7.5.1
[2.641s] -- Found rosidl_default_generators: 1.2.0 (/opt/ros/humble/share/rosidl_default_generators/cmake)
[3.139s] -- Found ament_cmake_ros: 0.10.0 (/opt/ros/humble/share/ament_cmake_ros/cmake)
[3.825s] -- Using all available rosidl_typesupport_c: rosidl_typesupport_fastrtps_c;rosidl_typesupport_introspection_c
[4.096s] -- Using all available rosidl_typesupport_cpp: rosidl_typesupport_fastrtps_cpp;rosidl_typesupport_introspection_cpp
[4.137s] -- Found python_cmake_module: 0.10.0 (/opt/ros/humble/share/python_cmake_module/cmake)
[4.194s] -- Using PYTHON_EXECUTABLE: /usr/bin/python3
[4.194s] -- Using PYTHON_INCLUDE_DIRS: /usr/include/python3.10
[4.194s] -- Using PYTHON_LIBRARIES: /usr/lib/x86_64-linux-gnu/libpython3.10.so
[4.269s] -- Configuring done
[4.350s] -- Generating done
[4.378s] -- Build files have been written to: /home/parsa/ws_ros2/build/custom_vtol_plugin
[4.430s] [35m[1mConsolidate compiler generated dependencies of target custom_vtol_plugin__rosidl_generator_c[0m
[4.447s] [  3%] Built target custom_vtol_plugin__cpp
[4.451s] [ 12%] Built target custom_vtol_plugin__rosidl_generator_c
[4.473s] [35m[1mConsolidate compiler generated dependencies of target custom_vtol_plugin__rosidl_typesupport_introspection_cpp[0m
[4.500s] [ 21%] Built target custom_vtol_plugin__rosidl_typesupport_introspection_cpp
[4.501s] [ 21%] Built target ament_cmake_python_copy_custom_vtol_plugin
[4.525s] [35m[1mConsolidate compiler generated dependencies of target custom_vtol_plugin__rosidl_typesupport_fastrtps_c[0m
[4.529s] [35m[1mConsolidate compiler generated dependencies of target custom_vtol_plugin__rosidl_typesupport_introspection_c[0m
[4.544s] [ 30%] Built target custom_vtol_plugin__rosidl_typesupport_fastrtps_c
[4.550s] [ 39%] Built target custom_vtol_plugin__rosidl_typesupport_introspection_c
[4.562s] [35m[1mConsolidate compiler generated dependencies of target custom_vtol_plugin__rosidl_typesupport_c[0m
[4.585s] [ 48%] Built target custom_vtol_plugin__rosidl_typesupport_c
[4.601s] [35m[1mConsolidate compiler generated dependencies of target custom_vtol_plugin__rosidl_typesupport_fastrtps_cpp[0m
[4.621s] [ 57%] Built target custom_vtol_plugin__rosidl_typesupport_fastrtps_cpp
[4.641s] [35m[1mConsolidate compiler generated dependencies of target custom_vtol_plugin__rosidl_typesupport_cpp[0m
[4.668s] [ 66%] Built target custom_vtol_plugin__rosidl_typesupport_cpp
[4.714s] [ 66%] Built target custom_vtol_plugin
[4.735s] [35m[1mConsolidate compiler generated dependencies of target motor_controller_plugin[0m
[4.767s] [ 69%] [32mBuilding CXX object CMakeFiles/motor_controller_plugin.dir/src/motor_controller_plugin.cpp.o[0m
[5.000s] running egg_info
[5.032s] writing custom_vtol_plugin.egg-info/PKG-INFO
[5.033s] writing dependency_links to custom_vtol_plugin.egg-info/dependency_links.txt
[5.033s] writing top-level names to custom_vtol_plugin.egg-info/top_level.txt
[5.129s] reading manifest file 'custom_vtol_plugin.egg-info/SOURCES.txt'
[5.130s] writing manifest file 'custom_vtol_plugin.egg-info/SOURCES.txt'
[5.178s] [ 69%] Built target ament_cmake_python_build_custom_vtol_plugin_egg
[5.213s] [ 72%] Built target custom_vtol_plugin__py
[5.236s] [35m[1mConsolidate compiler generated dependencies of target custom_vtol_plugin__rosidl_generator_py[0m
[5.257s] [ 78%] Built target custom_vtol_plugin__rosidl_generator_py
[5.299s] [35m[1mConsolidate compiler generated dependencies of target custom_vtol_plugin__rosidl_typesupport_fastrtps_c__pyext[0m
[5.320s] [ 84%] Built target custom_vtol_plugin__rosidl_typesupport_fastrtps_c__pyext
[5.339s] [35m[1mConsolidate compiler generated dependencies of target custom_vtol_plugin__rosidl_typesupport_c__pyext[0m
[5.363s] [ 90%] Built target custom_vtol_plugin__rosidl_typesupport_c__pyext
[5.381s] [35m[1mConsolidate compiler generated dependencies of target custom_vtol_plugin__rosidl_typesupport_introspection_c__pyext[0m
[5.402s] [ 96%] Built target custom_vtol_plugin__rosidl_typesupport_introspection_c__pyext
[13.294s] [01m[K/home/parsa/ws_ros2/src/custom_vtol_plugin/src/motor_controller_plugin.cpp:174:2:[m[K [01;31m[Kerror: [m[Kexpected â€˜[01m[K;[m[Kâ€™ after class definition
[13.294s]   174 | }[01;31m[K [m[K// namespace custom_vtol_plugin
[13.294s]       |  [01;31m[K^[m[K
[13.294s]       |  [32m[K;[m[K
[13.306s] [01m[K/home/parsa/ws_ros2/src/custom_vtol_plugin/src/motor_controller_plugin.cpp:[m[K In destructor â€˜[01m[Kvirtual custom_vtol_plugin::MotorControllerPlugin::~MotorControllerPlugin()[m[Kâ€™:
[13.306s] [01m[K/home/parsa/ws_ros2/src/custom_vtol_plugin/src/motor_controller_plugin.cpp:37:5:[m[K [01;31m[Kerror: [m[Kâ€˜[01m[Krunning_[m[Kâ€™ was not declared in this scope
[13.306s]    37 |     [01;31m[Krunning_[m[K = false;
[13.306s]       |     [01;31m[K^~~~~~~~[m[K
[13.320s] [01m[K/home/parsa/ws_ros2/src/custom_vtol_plugin/src/motor_controller_plugin.cpp:38:9:[m[K [01;31m[Kerror: [m[Kâ€˜[01m[Kexec_thread_[m[Kâ€™ was not declared in this scope
[13.321s]    38 |     if ([01;31m[Kexec_thread_[m[K.joinable()) {
[13.322s]       |         [01;31m[K^~~~~~~~~~~~[m[K
[13.330s] [01m[K/home/parsa/ws_ros2/src/custom_vtol_plugin/src/motor_controller_plugin.cpp:[m[K In member function â€˜[01m[Kvirtual void custom_vtol_plugin::MotorControllerPlugin::Configure(const Entity&, const std::shared_ptr<const sdf::v14::Element>&, gz::sim::v8::EntityComponentManager&, gz::sim::v8::EventManager&)[m[Kâ€™:
[13.331s] [01m[K/home/parsa/ws_ros2/src/custom_vtol_plugin/src/motor_controller_plugin.cpp:61:10:[m[K [01;31m[Kerror: [m[Kâ€˜[01m[Kros_node_[m[Kâ€™ was not declared in this scope; did you mean â€˜[01m[Krmw_node_t[m[Kâ€™?
[13.331s]    61 |          [01;31m[Kros_node_[m[K = std::make_shared<rclcpp::Node>("motor_controller_plugin");
[13.331s]       |          [01;31m[K^~~~~~~~~[m[K
[13.331s]       |          [32m[Krmw_node_t[m[K
[13.333s] [01m[K/home/parsa/ws_ros2/src/custom_vtol_plugin/src/motor_controller_plugin.cpp:68:24:[m[K [01;31m[Kerror: [m[Kâ€˜[01m[KSensorDataQos[m[Kâ€™ is not a member of â€˜[01m[Krclcpp[m[Kâ€™; did you mean â€˜[01m[KSensorDataQoS[m[Kâ€™?
[13.333s]    68 |     auto qos = rclcpp::[01;31m[KSensorDataQos[m[K();
[13.333s]       |                        [01;31m[K^~~~~~~~~~~~~[m[K
[13.334s]       |                        [32m[KSensorDataQoS[m[K
[13.341s] [01m[K/home/parsa/ws_ros2/src/custom_vtol_plugin/src/motor_controller_plugin.cpp:72:9:[m[K [01;31m[Kerror: [m[Kâ€˜[01m[Ksub[m[Kâ€™ was not declared in this scope; did you mean â€˜[01m[Kfsub[m[Kâ€™?
[13.341s]    72 |         [01;31m[Ksub[m[K = ros_node_->create_subscription<custom_vtol_plugin::msg::MotorCommands>(
[13.341s]       |         [01;31m[K^~~[m[K
[13.341s]       |         [32m[Kfsub[m[K
[13.350s] [01m[K/home/parsa/ws_ros2/src/custom_vtol_plugin/src/motor_controller_plugin.cpp:72:15:[m[K [01;31m[Kerror: [m[Kâ€˜[01m[Kros_node_[m[Kâ€™ was not declared in this scope; did you mean â€˜[01m[Krmw_node_t[m[Kâ€™?
[13.350s]    72 |         sub = [01;31m[Kros_node_[m[K->create_subscription<custom_vtol_plugin::msg::MotorCommands>(
[13.350s]       |               [01;31m[K^~~~~~~~~[m[K
[13.350s]       |               [32m[Krmw_node_t[m[K
[13.350s] [01m[K/home/parsa/ws_ros2/src/custom_vtol_plugin/src/motor_controller_plugin.cpp:72:84:[m[K [01;31m[Kerror: [m[Kexpected primary-expression before â€˜[01m[K>[m[Kâ€™ token
[13.350s]    72 |         sub = ros_node_->create_subscription<custom_vtol_plugin::msg::MotorCommands[01;31m[K>[m[K(
[13.350s]       |                                                                                    [01;31m[K^[m[K
[13.366s] [01m[K/home/parsa/ws_ros2/src/custom_vtol_plugin/src/motor_controller_plugin.cpp:[m[K In lambda function:
[13.366s] [01m[K/home/parsa/ws_ros2/src/custom_vtol_plugin/src/motor_controller_plugin.cpp:75:44:[m[K [01;31m[Kerror: [m[Kâ€˜[01m[Kmutex_[m[Kâ€™ was not declared in this scope
[13.366s]    75 |           std::lock_guard<std::mutex> lock([01;31m[Kmutex_[m[K);
[13.366s]       |                                            [01;31m[K^~~~~~[m[K
[13.375s] [01m[K/home/parsa/ws_ros2/src/custom_vtol_plugin/src/motor_controller_plugin.cpp:76:30:[m[K [01;31m[Kerror: [m[Kâ€˜[01m[Kcommands_[m[Kâ€™ was not declared in this scope
[13.376s]    76 |           for(size_t i =0; i<[01;31m[Kcommands_[m[K.size() && i < msg->motor_values.size(); ++i){
[13.376s]       |                              [01;31m[K^~~~~~~~~[m[K
[13.377s] [01m[K/home/parsa/ws_ros2/src/custom_vtol_plugin/src/motor_controller_plugin.cpp:80:11:[m[K [01;31m[Kerror: [m[Kexpected primary-expression before â€˜[01m[Kor[m[Kâ€™ token
[13.377s]    80 |           [01;31m[Kor[m[K (auto val : msg->motor_values) std::cout << val << " ";
[13.377s]       |           [01;31m[K^~[m[K
[13.377s] [01m[K/home/parsa/ws_ros2/src/custom_vtol_plugin/src/motor_controller_plugin.cpp:80:24:[m[K [01;31m[Kerror: [m[Kfound â€˜[01m[K:[m[Kâ€™ in nested-name-specifier, expected â€˜[01m[K::[m[Kâ€™
[13.377s]    80 |           or (auto val [01;31m[K:[m[K msg->motor_values) std::cout << val << " ";
[13.377s]       |                        [01;31m[K^[m[K
[13.377s]       |                        [32m[K::[m[K
[13.381s] [01m[K/home/parsa/ws_ros2/src/custom_vtol_plugin/src/motor_controller_plugin.cpp:80:15:[m[K [01;31m[Kerror: [m[Kinvalid use of â€˜[01m[Kauto[m[Kâ€™
[13.381s]    80 |           or ([01;31m[Kauto[m[K val : msg->motor_values) std::cout << val << " ";
[13.381s]       |               [01;31m[K^~~~[m[K
[13.381s] [01m[K/home/parsa/ws_ros2/src/custom_vtol_plugin/src/motor_controller_plugin.cpp:80:15:[m[K [01;31m[Kerror: [m[Kexpected primary-expression before â€˜[01m[Kauto[m[Kâ€™
[13.381s] [01m[K/home/parsa/ws_ros2/src/custom_vtol_plugin/src/motor_controller_plugin.cpp:80:15:[m[K [01;31m[Kerror: [m[Kexpected â€˜[01m[K)[m[Kâ€™ before â€˜[01m[Kauto[m[Kâ€™
[13.381s] [01m[K/home/parsa/ws_ros2/src/custom_vtol_plugin/src/motor_controller_plugin.cpp:80:14:[m[K [01;36m[Knote: [m[Kto match this â€˜[01m[K([m[Kâ€™
[13.381s]    80 |           or [01;36m[K([m[Kauto val : msg->motor_values) std::cout << val << " ";
[13.381s]       |              [01;36m[K^[m[K
[13.392s] [01m[K/home/parsa/ws_ros2/src/custom_vtol_plugin/src/motor_controller_plugin.cpp:[m[K In member function â€˜[01m[Kvirtual void custom_vtol_plugin::MotorControllerPlugin::Configure(const Entity&, const std::shared_ptr<const sdf::v14::Element>&, gz::sim::v8::EntityComponentManager&, gz::sim::v8::EventManager&)[m[Kâ€™:
[13.392s] [01m[K/home/parsa/ws_ros2/src/custom_vtol_plugin/src/motor_controller_plugin.cpp:91:3:[m[K [01;31m[Kerror: [m[Kâ€˜[01m[Kexecutor_[m[Kâ€™ was not declared in this scope
[13.392s]    91 |   [01;31m[Kexecutor_[m[K = std::make_shared<rclcpp::executors::SingleThreadedExecutor>();
[13.392s]       |   [01;31m[K^~~~~~~~~[m[K
[13.403s] [01m[K/home/parsa/ws_ros2/src/custom_vtol_plugin/src/motor_controller_plugin.cpp:92:23:[m[K [01;31m[Kerror: [m[Kâ€˜[01m[Kros_node_[m[Kâ€™ was not declared in this scope; did you mean â€˜[01m[Krmw_node_t[m[Kâ€™?
[13.403s]    92 |   executor_->add_node([01;31m[Kros_node_[m[K);
[13.403s]       |                       [01;31m[K^~~~~~~~~[m[K
[13.403s]       |                       [32m[Krmw_node_t[m[K
[13.413s] [01m[K/home/parsa/ws_ros2/src/custom_vtol_plugin/src/motor_controller_plugin.cpp:93:3:[m[K [01;31m[Kerror: [m[Kâ€˜[01m[Krunning_[m[Kâ€™ was not declared in this scope
[13.413s]    93 |   [01;31m[Krunning_[m[K = true;
[13.413s]       |   [01;31m[K^~~~~~~~[m[K
[13.425s] [01m[K/home/parsa/ws_ros2/src/custom_vtol_plugin/src/motor_controller_plugin.cpp:94:3:[m[K [01;31m[Kerror: [m[Kâ€˜[01m[Kexec_thread_[m[Kâ€™ was not declared in this scope
[13.425s]    94 |   [01;31m[Kexec_thread_[m[K = std::thread([this]()
[13.425s]       |   [01;31m[K^~~~~~~~~~~~[m[K
[13.426s] [01m[K/home/parsa/ws_ros2/src/custom_vtol_plugin/src/motor_controller_plugin.cpp:[m[K In lambda function:
[13.426s] [01m[K/home/parsa/ws_ros2/src/custom_vtol_plugin/src/motor_controller_plugin.cpp:97:12:[m[K [01;31m[Kerror: [m[Kâ€˜[01m[Krunning_[m[Kâ€™ is not captured
[13.426s]    97 |     while ([01;31m[Krunning_[m[K) {
[13.426s]       |            [01;31m[K^~~~~~~~[m[K
[13.426s] [01m[K/home/parsa/ws_ros2/src/custom_vtol_plugin/src/motor_controller_plugin.cpp:94:35:[m[K [01;36m[Knote: [m[Kthe lambda has no capture-default
[13.426s]    94 |   exec_thread_ = std::thread([this[01;36m[K][m[K()
[13.426s]       |                                   [01;36m[K^[m[K
[13.427s] [01m[K/home/parsa/ws_ros2/src/custom_vtol_plugin/src/motor_controller_plugin.cpp:93:3:[m[K [01;36m[Knote: [m[Kâ€˜[01m[K<typeprefixerror>running_[m[Kâ€™ declared here
[13.427s]    93 |   [01;36m[Krunning_[m[K = true;
[13.427s]       |   [01;36m[K^~~~~~~~[m[K
[13.428s] [01m[K/home/parsa/ws_ros2/src/custom_vtol_plugin/src/motor_controller_plugin.cpp:98:7:[m[K [01;31m[Kerror: [m[Kâ€˜[01m[Kexecutor_[m[Kâ€™ is not captured
[13.428s]    98 |       [01;31m[Kexecutor_[m[K->spin_some();
[13.428s]       |       [01;31m[K^~~~~~~~~[m[K
[13.428s] [01m[K/home/parsa/ws_ros2/src/custom_vtol_plugin/src/motor_controller_plugin.cpp:94:35:[m[K [01;36m[Knote: [m[Kthe lambda has no capture-default
[13.428s]    94 |   exec_thread_ = std::thread([this[01;36m[K][m[K()
[13.428s]       |                                   [01;36m[K^[m[K
[13.428s] [01m[K/home/parsa/ws_ros2/src/custom_vtol_plugin/src/motor_controller_plugin.cpp:91:3:[m[K [01;36m[Knote: [m[Kâ€˜[01m[K<typeprefixerror>executor_[m[Kâ€™ declared here
[13.429s]    91 |   [01;36m[Kexecutor_[m[K = std::make_shared<rclcpp::executors::SingleThreadedExecutor>();
[13.429s]       |   [01;36m[K^~~~~~~~~[m[K
[13.429s] [01m[K/home/parsa/ws_ros2/src/custom_vtol_plugin/src/motor_controller_plugin.cpp:[m[K In member function â€˜[01m[Kvirtual void custom_vtol_plugin::MotorControllerPlugin::Configure(const Entity&, const std::shared_ptr<const sdf::v14::Element>&, gz::sim::v8::EntityComponentManager&, gz::sim::v8::EventManager&)[m[Kâ€™:
[13.429s] [01m[K/home/parsa/ws_ros2/src/custom_vtol_plugin/src/motor_controller_plugin.cpp:114:3:[m[K [01;31m[Kerror: [m[Ka function-definition is not allowed here before â€˜[01m[K{[m[Kâ€™ token
[13.429s]   114 |   [01;31m[K{[m[K
[13.429s]       |   [01;31m[K^[m[K
[13.429s] [01m[K/home/parsa/ws_ros2/src/custom_vtol_plugin/src/motor_controller_plugin.cpp:154:1:[m[K [01;31m[Kerror: [m[Kexpected primary-expression before â€˜[01m[Kprivate[m[Kâ€™
[13.429s]   154 | [01;31m[Kprivate[m[K:
[13.429s]       | [01;31m[K^~~~~~~[m[K
[13.509s] [01m[K/home/parsa/ws_ros2/src/custom_vtol_plugin/src/motor_controller_plugin.cpp:158:26:[m[K [01;35m[Kwarning: [m[Kunused variable â€˜[01m[Kcommands_[m[Kâ€™ [[01;35m[K]8;;https://gcc.gnu.org/onlinedocs/gcc/Warning-Options.html#index-Wunused-variable-Wunused-variable]8;;[m[K]
[13.509s]   158 |   std::array<int16_t, 5> [01;35m[Kcommands_[m[K{{1000, 1000, 1000, 1000, 1000}};
[13.509s]       |                          [01;35m[K^~~~~~~~~[m[K
[13.510s] [01m[K/home/parsa/ws_ros2/src/custom_vtol_plugin/src/motor_controller_plugin.cpp:170:16:[m[K [01;35m[Kwarning: [m[Kunused variable â€˜[01m[KK_THRUST_GAIN[m[Kâ€™ [[01;35m[K]8;;https://gcc.gnu.org/onlinedocs/gcc/Warning-Options.html#index-Wunused-variable-Wunused-variable]8;;[m[K]
[13.510s]   170 |   const double [01;35m[KK_THRUST_GAIN[m[K = 0.05;
[13.510s]       |                [01;35m[K^~~~~~~~~~~~~[m[K
[13.511s] [01m[K/home/parsa/ws_ros2/src/custom_vtol_plugin/src/motor_controller_plugin.cpp:171:16:[m[K [01;35m[Kwarning: [m[Kunused variable â€˜[01m[KK_YAW_TORQUE_GAIN[m[Kâ€™ [[01;35m[K]8;;https://gcc.gnu.org/onlinedocs/gcc/Warning-Options.html#index-Wunused-variable-Wunused-variable]8;;[m[K]
[13.511s]   171 |   const double [01;35m[KK_YAW_TORQUE_GAIN[m[K = 0.001;
[13.511s]       |                [01;35m[K^~~~~~~~~~~~~~~~~[m[K
[13.511s] [01m[K/home/parsa/ws_ros2/src/custom_vtol_plugin/src/motor_controller_plugin.cpp:44:41:[m[K [01;35m[Kwarning: [m[Kunused parameter â€˜[01m[K_entity[m[Kâ€™ [[01;35m[K]8;;https://gcc.gnu.org/onlinedocs/gcc/Warning-Options.html#index-Wunused-parameter-Wunused-parameter]8;;[m[K]
[13.511s]    44 |   void Configure([01;35m[Kconst gz::sim::Entity &_entity[m[K,
[13.511s]       |                  [01;35m[K~~~~~~~~~~~~~~~~~~~~~~~^~~~~~~[m[K
[13.511s] [01m[K/home/parsa/ws_ros2/src/custom_vtol_plugin/src/motor_controller_plugin.cpp:46:51:[m[K [01;35m[Kwarning: [m[Kunused parameter â€˜[01m[K_ecm[m[Kâ€™ [[01;35m[K]8;;https://gcc.gnu.org/onlinedocs/gcc/Warning-Options.html#index-Wunused-parameter-Wunused-parameter]8;;[m[K]
[13.512s]    46 |                  [01;35m[Kgz::sim::EntityComponentManager &_ecm[m[K,
[13.512s]       |                  [01;35m[K~~~~~~~~~~~~~~~~~~~~~~~~~~~~~~~~~^~~~[m[K
[13.513s] In file included from [01m[K/usr/include/gz/plugin2/gz/plugin/Register.hh:22[m[K,
[13.514s]                  from [01m[K/home/parsa/ws_ros2/src/custom_vtol_plugin/src/motor_controller_plugin.cpp:8[m[K:
[13.514s] [01m[K/home/parsa/ws_ros2/src/custom_vtol_plugin/src/motor_controller_plugin.cpp:[m[K In constructor â€˜[01m[Kcustom_vtol_plugin::gz::plugin::{anonymous}::ExecuteWhenLoadingLibrary0::ExecuteWhenLoadingLibrary0()[m[Kâ€™:
[13.514s] [01m[K/home/parsa/ws_ros2/src/custom_vtol_plugin/src/motor_controller_plugin.cpp:177:19:[m[K [01;31m[Kerror: [m[Kâ€˜[01m[Ksim[m[Kâ€™ is not a member of â€˜[01m[Kcustom_vtol_plugin::gz[m[Kâ€™; did you mean â€˜[01m[Kgz::sim[m[Kâ€™?
[13.514s]   177 |               gz::[01;31m[Ksim[m[K::System,
[13.514s]       |                   [01;31m[K^~~[m[K
[13.515s] In file included from [01m[K/home/parsa/ws_ros2/src/custom_vtol_plugin/src/motor_controller_plugin.cpp:1[m[K:
[13.515s] [01m[K/usr/include/gz/sim8/gz/sim/Entity.hh:29:13:[m[K [01;36m[Knote: [m[Kâ€˜[01m[Kgz::sim[m[Kâ€™ declared here
[13.515s]    29 |   namespace [01;36m[Ksim[m[K
[13.515s]       |             [01;36m[K^~~[m[K
[13.515s] In file included from [01m[K/usr/include/gz/plugin2/gz/plugin/Register.hh:22[m[K,
[13.515s]                  from [01m[K/home/parsa/ws_ros2/src/custom_vtol_plugin/src/motor_controller_plugin.cpp:8[m[K:
[13.515s] [01m[K/home/parsa/ws_ros2/src/custom_vtol_plugin/src/motor_controller_plugin.cpp:176:1:[m[K [01;31m[Kerror: [m[Ktemplate argument 2 is invalid
[13.515s]   176 | [01;31m[KGZ_ADD_PLUGIN[m[K(custom_vtol_plugin::MotorControllerPlugin,
[13.515s]       | [01;31m[K^~~~~~~~~~~~~[m[K
[13.515s] [01m[K/home/parsa/ws_ros2/src/custom_vtol_plugin/src/motor_controller_plugin.cpp:176:1:[m[K [01;31m[Kerror: [m[Kqualified-id in declaration before â€˜[01m[K([m[Kâ€™ token
[13.515s]   176 | [01;31m[KGZ_ADD_PLUGIN[m[K(custom_vtol_plugin::MotorControllerPlugin,
[13.516s]       | [01;31m[K^~~~~~~~~~~~~[m[K
[13.516s] [01m[K/home/parsa/ws_ros2/src/custom_vtol_plugin/src/motor_controller_plugin.cpp:[m[K At global scope:
[13.516s] [01m[K/home/parsa/ws_ros2/src/custom_vtol_plugin/src/motor_controller_plugin.cpp:176:1:[m[K [01;31m[Kerror: [m[Kexpected â€˜[01m[K}[m[Kâ€™ at end of input
[13.516s]   176 | [01;31m[KGZ_ADD_PLUGIN[m[K(custom_vtol_plugin::MotorControllerPlugin,
[13.516s]       | [01;31m[K^~~~~~~~~~~~~[m[K
[13.516s] [01m[K/home/parsa/ws_ros2/src/custom_vtol_plugin/src/motor_controller_plugin.cpp:24:1:[m[K [01;36m[Knote: [m[Kto match this â€˜[01m[K{[m[Kâ€™
[13.516s]    24 | [01;36m[K{[m[K
[13.516s]       | [01;36m[K^[m[K
[15.116s] gmake[2]: *** [CMakeFiles/motor_controller_plugin.dir/build.make:76: CMakeFiles/motor_controller_plugin.dir/src/motor_controller_plugin.cpp.o] Error 1
[15.117s] gmake[1]: *** [CMakeFiles/Makefile2:593: CMakeFiles/motor_controller_plugin.dir/all] Error 2
[15.117s] gmake: *** [Makefile:146: all] Error 2
[15.121s] Invoked command in '/home/parsa/ws_ros2/build/custom_vtol_plugin' returned '2': CMAKE_PREFIX_PATH=${CMAKE_PREFIX_PATH}:/opt/ros/humble /usr/bin/cmake --build /home/parsa/ws_ros2/build/custom_vtol_plugin -- -j5 -l5
